1621958778522:help
1621958781075:books
1621959394785:help
1621959400645:books
1621959407167:book-by-isbn 1
1621959413065:book-by-isbn 2
1621959418054:book-by-isbn 0
1621959422095:users
1621959432055:user-by-email rossgeller@email.com
1621959446495:loan-by-isbn 1
1621959616005:loan_by_user chandlerbing@email.com
1621959633037:loan-by-user chandlerbing@email.com
1621981531932:help
1621981573833:ship 2
1622021746808:help
1622021749196:users
1622021762535:books
1622021806892:ship 2
1622131018402:help
1622131021596:books
1622131034234:loan-by-isbn 2
1622132341849:help
1622132348829:add-user
1622132361777:add-user joeytribbiani@email.com Joey Tribbiani
1622132416700:users
1622132443111:user
1622132445132:users
1622132449881:add-user
1622132462082:add-user joeytribbiani@email.com Joey Tribbiani
1622132466147:users
1622132525843:book
1622132527532:books
1622132873693:user
1622132875800:users
1622132878993:loans
1622132883412:loan-by-isbn 2
1622132898775:add-loan 2 joeytribbiani@email.com
1622132904414:loan-by-isbn 2
1622133307797:help
1622133316943:users
1622133321649:help
1622133340918:add-user joeytribbiani@email.com Joey Tribbiani
1622133343607:users
1622133347637:books
1622133360444:help
1622133374542:add-book 3 MyTitle MyAuthor
1622133376832:books
1622133395607:help
1622133414677:add-loan 3 joeytribbiani@email.com
1622133433597:loan-by-isbn 3
1622133604591:add-loan 3 joeytribbiani@email.com
1622133619839:help
1622133625084:loan-by-isbn 3
1622133656893:loan-by-email joeytribbiani@email.com
1622133852356:users
1622133870466:add-user joeytribbiani@email.com Joey Tribbiani
1622133872116:users
1622133894266:add-book 2 MyTitle MyAuthor
1622133896080:books
1622134022066:help
1622134033657:add-user joeytribbiani@email.com Joey Tribbiani
1622134036410:users
1622134051203:add-book 2 MyTitle MyAuthor
1622134053276:books
1622134091344:add-loan 2 joeytribbiani@email.com
1622134098096:loan-by-isbn 2
1622134113610:loan-by-email chandlerbing@email.com
1622134124745:loan-by-email joeytribbiani@email.com
1622134197485:help
1622134201274:ship 1
1622134808234:help
1622134810300:users
1622134814914:ship 1
1622200521618:users
1622200862484:add-user joeytribbiani@email.com Joey Tribbiani
1622200867424:users
1622200873974:add-book
1622200884005:add-book 3 MyTitle MyAuthor
1622200886514:books
1622200900889:add-loan 3 joeytribbiani@email.com
1622200907925:loan-by-isbn 3
1622200921034:loan-by-email joeytribbiani@email.com
1622200933364:ship 3
1622202227760:help
1622202234920:users
1622202247248:add-user joeytribbiani@email.com Joey Tribbiani
1622202249630:users
1622202255131:ship 2
1622202262113:books
1622204988945:users
1622205002685:add-user joeytribbiani@email.com Joey Tribbiani
1622205031265:add-book 3 MyTitle MyAuthor
1622205033226:books
1622205058225:users
1622205279814:add-user joeytribbiani@email.com Joey Tribbiani
1622205385534:users
1622205396184:add-user joeytribbiani@email.com Joey Tribbiani
1622205398344:users
1622205571013:add-user joeytribbiani@email.com Joey Tribbiani
1622205574323:users
1622205759898:books
1622205764093:help
1622205782143:add-book 3 MyTitle MyAuthor
1622205785053:books
1622206265000:users
1622206282685:add-user minicageller@email.com Monica Geller
1622206360111:users
1622206379076:add-user monicageller@email.com Monica Geller
1622206384559:users
1622206419490:add-user mail namme surnammme
1622206420986:users
1622206706338:add-user monicageller@email.com Monica Geller
1622206709063:users
1622206715553:books
1622206788830:add-book 3 Into the Wild" "Jon Krakauer"\n"
1622206802727:books
1622206809593:add-book 3 MyTitle MyBook
1622206811686:books
1622207086671:users
1622207091058:books
1622207128583:add-user joeytribbiani@email.com Joey Tribbiani
1622207131085:users
1622207144484:add-book 3 MyTitle MyAuthro
1622207146773:books
1622207200476:add-book 4 MyTitle MyAuthor
1622207202542:books
1622207286909:add-user joeytribbiani@email.com Joey Tribbiani
1622207293774:users
1622207304961:add-book 3 MyTitle MyAuthor
1622207311433:books
1622207447686:add-book 4 MyTitle MyAuthor
1622207449944:books
1622207563788:users
1622207930189:add-user joeytribbiani@email.com Joey Tribbiani
1622207933189:users
1622208446568:books
1622208470317:add-books 3 MyTitle MyAuthor
1622208480857:add-book 3 MyTitle MyAuthor
1622208558736:users
1622208565837:books
1622208576052:add-book 3 MyTitle MyAuthor
1622208656856:books
1622208717386:add-book 3 MyTitle MyAuthor
1622208771606:books
1622208782066:add-book 3 MyTitle MyAuthor
1622208786896:books
1622208799116:add-book "Titolo di qua" "Author di la"
1622209054815:add-loan 3 chandlerbing@email.com
1622209062815:loan-by-isbn 3
1622210382201:users
1622210397081:add-user rossgeller@email.com Ross Geller
1622210415111:add-book 1 MyTitle MyAuthor
1622210665561:books
1622210668220:users
1622210679600:add-loan 1 rossgeller@email.com
1622210688770:loan-by-isbn 1
1622210698670:loan-by-email rossgeller@email.com
1622210721585:ship 1
1622210725530:books
1622210774040:users
1622210777090:ship 1
1622210929229:books
1622212081606:users
1622212084466:books
1622212095265:add-user rossgeller@email.com Ross Geller
1622212098826:users
1622212101067:books
1622212109636:add-book 1 MyTitle MyAuthor
1622212117380:books
1622212414085:add-book 1 MyTitle MyAuthor
1622212861955:books
1622212868643:add-book 1 MyTitle MyAuthor
1622214766600:add-book 1 MyTitle MyBook
1622726394886:books
1622726396621:users
1622726527938:add-book 1 MyTitle1 MyAuthor1
1622727037357:add-user chandlerbing@email.com Chandler Bing
1622727051127:add-book 1 MyTitle MyAuthor
1622727301056:users
1622727378806:books
1622728023264:add-book 1 MyTitle MyAuthor
1622728801143:help
1622728811102:add-book 1 MyTitle MyAuthor
1622730217027:books
1622730219187:users
1622730229667:add-book 1 MyTitle MyAuthor
1622732534821:add-user rossgeller@email.com Ross Geller
1622732554662:add-book 1 MyTitle MyAuthor
1622733006113:users
1622733007738:books
1622733021610:add-book 1 MyTitle MyAuthor
1622733261380:add-user mail@mail.mail Mail MailMail
1622734609725:books
1622734611250:users
1622734628500:add-user myname@mail.com MyName MySurname
1622734679015:add-book 1 MyTitle MyAuthor
1622735263343:add-user myname@email.com name surname
1622735266604:users
1622735279403:add-book 1 MyTitle ThisAuthor
1622735568102:add-book 1 MyTitle MyAuthor
1622736612644:books
1622736614324:users
1622736632364:add-user rossgeller@email.com Ross Geller
1622736641873:add-user chandlerbing@email.com Chandler Bing
1622736669043:add-userjoeytribbiani@email.com Joey Tribbiani
1622736681883:add-user joeytribbiani Joey Tribbiani
1622736684163:users
1622736690373:books
1622736708193:add-book HarryPotter Rowling
1622736719004:books
1622736730563:add-book 2 HarryPotter1 Rowling
1622736741683:add-book 3 HarryPotter2 Rowling
1622736765353:add-book 4 Wanderlust Alfa
1622736767253:books
1622736779703:help
1622736798763:add-loan 1 chandlerbing@email.com
1622736809553:add-loan 3 rossgeller@email.com
1622736821413:add-loan 4 joeytribbiani@email.com
1622736828903:loan-by-isbn 3
1622736834503:ship 3
1622736845603:exit
1622736879583:users
1622737009932:books
1622737163957:add-book 1 HarryPotter1 Rowling
1622737180424:add-user rossgeller@email.com Ross Geller
1622737188952:add-loan 1 rossgeller@email.com
1622737202702:add-book 2 Wanderlust Alfa
1622737223702:add-book 3 VitaDiPi Pi
1622737236882:add-user chandlerbing@email.com Chandler Bing
1622737251974:add-user joeytribbiani@email.com Joey Tribbiani
1622737263372:add-loan 3 joeytribbiani@email.com
1622737266962:ship 3
1622737270242:exit
1622737463761:books
1622737470519:users
1622737733720:books
1622738463508:add-book 1 MegaTitolo MegaAutore
1622738471494:books
1622738502998:ship 1
1622738518528:books
1622738535962:add-user chandlerbing@email.com Chandler Bing
1622738552548:books
1622738556318:users
1622738577747:add-book 2 AltroLibro AltroAutore
1622738578937:books
1622738600767:add-books 3 AltroAltroLibro AltroStressoAutore
1622738612040:add-book 3 AltroAltroLibro AltroStessoAutore
1622738614957:books
1624720789358:help
1624720820694:users
1624720826187:books
1624722171124:help
1624722177455:books
1624722180309:users
1624722208365:add-book 1 HarryPotter Rowling
1624722223957:users
1624722226664:books
1624722255476:add-user johndoe@email.com John Doe
1624722259238:users
1624722367542:loan-by-isbn 1
1624722386880:loan-by-user johndoe@email.com
1624722429408:add-loan 1 johndoe@email.com
1624722438366:loan-by-isbn 1
1624722450796:loan-by-user johndoe@email.com
1624722466802:loan-by-email johndoe@email.com
1624722484896:users
1624722537889:ship 1
1625773830872:help
1625841061507:books
1625841063953:users
1625841082300:add-user john@email.com John Doe
1625841084532:user
1625841086342:users
1625841102604:add-book 1 MyTitle MyAuthor
1625841104719:books
1625841120319:add-loan 1 john@email.com
1625841129704:loan-by-isbn 1
1625841141546:loan-by-email john@email.com
1625841433601:help
1625841439887:ship 1
1625842989247:help
1625842993251:books
1625842994753:users
1625843005737:add-user johndoe@email.com John Doe
1625843008795:users
1625843022007:add-book 1 MYTitle MYAuthor
1625843024947:books
1625843033965:ship 1
